-------------------------------------------------------------------------------
Test set: JustWork.server.login.LoginTest
-------------------------------------------------------------------------------
Tests run: 3, Failures: 0, Errors: 3, Skipped: 0, Time elapsed: 4.258 sec <<< FAILURE! - in JustWork.server.login.LoginTest
checkTestContainer(JustWork.server.login.LoginTest)  Time elapsed: 0.008 sec  <<< ERROR!
java.lang.IllegalStateException: Illegal access: this web application instance has been stopped already. Could not load [db/migration/V1__create_init_tables.sql]. The following stack trace is thrown for debugging purposes as well as to attempt to terminate the thread which caused the illegal access.
	at org.apache.catalina.loader.WebappClassLoaderBase.checkStateForResourceLoading(WebappClassLoaderBase.java:1432)
	at org.apache.catalina.loader.WebappClassLoaderBase.getResource(WebappClassLoaderBase.java:1057)
	at org.flywaydb.core.internal.resource.classpath.ClassPathResource.getUrl(ClassPathResource.java:85)
	at org.flywaydb.core.internal.resource.classpath.ClassPathResource.getAbsolutePathOnDisk(ClassPathResource.java:74)
	at org.flywaydb.core.internal.sqlscript.FlywaySqlScriptException.getMessage(FlywaySqlScriptException.java:81)
	at org.apache.maven.surefire.report.SmartStackTraceParser.toString(SmartStackTraceParser.java:311)
	at org.apache.maven.surefire.report.SmartStackTraceParser.causeToString(SmartStackTraceParser.java:300)
	at org.apache.maven.surefire.report.SmartStackTraceParser.innerMostWithFocusOnClass(SmartStackTraceParser.java:248)
	at org.apache.maven.surefire.common.junit4.JUnit4StackTraceWriter.writeTrimmedTraceToString(JUnit4StackTraceWriter.java:97)
	at org.apache.maven.surefire.booter.ForkingRunListener.encode(ForkingRunListener.java:330)
	at org.apache.maven.surefire.booter.ForkingRunListener.encode(ForkingRunListener.java:312)
	at org.apache.maven.surefire.booter.ForkingRunListener.toString(ForkingRunListener.java:258)
	at org.apache.maven.surefire.booter.ForkingRunListener.testError(ForkingRunListener.java:132)
	at org.apache.maven.surefire.common.junit4.JUnit4RunListener.testFailure(JUnit4RunListener.java:118)
	at org.apache.maven.surefire.junitcore.NonConcurrentRunListener.testFailure(NonConcurrentRunListener.java:132)
	at org.junit.runner.notification.SynchronizedRunListener.testFailure(SynchronizedRunListener.java:63)
	at org.junit.runner.notification.RunNotifier$4.notifyListener(RunNotifier.java:142)
	at org.junit.runner.notification.RunNotifier$SafeNotifier.run(RunNotifier.java:72)
	at org.junit.runner.notification.RunNotifier.fireTestFailures(RunNotifier.java:138)
	at org.junit.runner.notification.RunNotifier.fireTestFailure(RunNotifier.java:132)
	at org.junit.internal.runners.model.EachTestNotifier.addFailure(EachTestNotifier.java:23)
	at org.junit.runners.ParentRunner.runLeaf(ParentRunner.java:329)
	at org.springframework.test.context.junit4.SpringJUnit4ClassRunner.runChild(SpringJUnit4ClassRunner.java:251)
	at org.springframework.test.context.junit4.SpringJUnit4ClassRunner.runChild(SpringJUnit4ClassRunner.java:97)
	at org.junit.runners.ParentRunner$3.run(ParentRunner.java:290)
	at org.junit.runners.ParentRunner$1.schedule(ParentRunner.java:71)
	at org.junit.runners.ParentRunner.runChildren(ParentRunner.java:288)
	at org.junit.runners.ParentRunner.access$000(ParentRunner.java:58)
	at org.junit.runners.ParentRunner$2.evaluate(ParentRunner.java:268)
	at org.springframework.test.context.junit4.statements.RunBeforeTestClassCallbacks.evaluate(RunBeforeTestClassCallbacks.java:61)
	at org.springframework.test.context.junit4.statements.RunAfterTestClassCallbacks.evaluate(RunAfterTestClassCallbacks.java:70)
	at org.junit.runners.ParentRunner.run(ParentRunner.java:363)
	at org.springframework.test.context.junit4.SpringJUnit4ClassRunner.run(SpringJUnit4ClassRunner.java:190)
	at org.junit.runners.Suite.runChild(Suite.java:128)
	at org.junit.runners.Suite.runChild(Suite.java:27)
	at org.junit.runners.ParentRunner$3.run(ParentRunner.java:290)
	at org.junit.runners.ParentRunner$1.schedule(ParentRunner.java:71)
	at org.junit.runners.ParentRunner.runChildren(ParentRunner.java:288)
	at org.junit.runners.ParentRunner.access$000(ParentRunner.java:58)
	at org.junit.runners.ParentRunner$2.evaluate(ParentRunner.java:268)
	at org.junit.runners.ParentRunner.run(ParentRunner.java:363)
	at org.junit.runner.JUnitCore.run(JUnitCore.java:137)
	at org.junit.runner.JUnitCore.run(JUnitCore.java:115)
	at org.apache.maven.surefire.junitcore.JUnitCoreWrapper.createRequestAndRun(JUnitCoreWrapper.java:108)
	at org.apache.maven.surefire.junitcore.JUnitCoreWrapper.executeEager(JUnitCoreWrapper.java:78)
	at org.apache.maven.surefire.junitcore.JUnitCoreWrapper.execute(JUnitCoreWrapper.java:54)
	at org.apache.maven.surefire.junitcore.JUnitCoreProvider.invoke(JUnitCoreProvider.java:144)
	at org.apache.maven.surefire.booter.ForkedBooter.invokeProviderInSameClassLoader(ForkedBooter.java:203)
	at org.apache.maven.surefire.booter.ForkedBooter.runSuitesInProcess(ForkedBooter.java:155)
	at org.apache.maven.surefire.booter.ForkedBooter.main(ForkedBooter.java:103)

test01_ttest(JustWork.server.login.LoginTest)  Time elapsed: 0.003 sec  <<< ERROR!
java.lang.IllegalStateException: Illegal access: this web application instance has been stopped already. Could not load [db/migration/V1__create_init_tables.sql]. The following stack trace is thrown for debugging purposes as well as to attempt to terminate the thread which caused the illegal access.
	at org.apache.catalina.loader.WebappClassLoaderBase.checkStateForResourceLoading(WebappClassLoaderBase.java:1432)
	at org.apache.catalina.loader.WebappClassLoaderBase.getResource(WebappClassLoaderBase.java:1057)
	at org.flywaydb.core.internal.resource.classpath.ClassPathResource.getUrl(ClassPathResource.java:85)
	at org.flywaydb.core.internal.resource.classpath.ClassPathResource.getAbsolutePathOnDisk(ClassPathResource.java:74)
	at org.flywaydb.core.internal.sqlscript.FlywaySqlScriptException.getMessage(FlywaySqlScriptException.java:81)
	at org.apache.maven.surefire.report.SmartStackTraceParser.toString(SmartStackTraceParser.java:311)
	at org.apache.maven.surefire.report.SmartStackTraceParser.causeToString(SmartStackTraceParser.java:300)
	at org.apache.maven.surefire.report.SmartStackTraceParser.innerMostWithFocusOnClass(SmartStackTraceParser.java:248)
	at org.apache.maven.surefire.common.junit4.JUnit4StackTraceWriter.writeTrimmedTraceToString(JUnit4StackTraceWriter.java:97)
	at org.apache.maven.surefire.booter.ForkingRunListener.encode(ForkingRunListener.java:330)
	at org.apache.maven.surefire.booter.ForkingRunListener.encode(ForkingRunListener.java:312)
	at org.apache.maven.surefire.booter.ForkingRunListener.toString(ForkingRunListener.java:258)
	at org.apache.maven.surefire.booter.ForkingRunListener.testError(ForkingRunListener.java:132)
	at org.apache.maven.surefire.common.junit4.JUnit4RunListener.testFailure(JUnit4RunListener.java:118)
	at org.apache.maven.surefire.junitcore.NonConcurrentRunListener.testFailure(NonConcurrentRunListener.java:132)
	at org.junit.runner.notification.SynchronizedRunListener.testFailure(SynchronizedRunListener.java:63)
	at org.junit.runner.notification.RunNotifier$4.notifyListener(RunNotifier.java:142)
	at org.junit.runner.notification.RunNotifier$SafeNotifier.run(RunNotifier.java:72)
	at org.junit.runner.notification.RunNotifier.fireTestFailures(RunNotifier.java:138)
	at org.junit.runner.notification.RunNotifier.fireTestFailure(RunNotifier.java:132)
	at org.junit.internal.runners.model.EachTestNotifier.addFailure(EachTestNotifier.java:23)
	at org.junit.runners.ParentRunner.runLeaf(ParentRunner.java:329)
	at org.springframework.test.context.junit4.SpringJUnit4ClassRunner.runChild(SpringJUnit4ClassRunner.java:251)
	at org.springframework.test.context.junit4.SpringJUnit4ClassRunner.runChild(SpringJUnit4ClassRunner.java:97)
	at org.junit.runners.ParentRunner$3.run(ParentRunner.java:290)
	at org.junit.runners.ParentRunner$1.schedule(ParentRunner.java:71)
	at org.junit.runners.ParentRunner.runChildren(ParentRunner.java:288)
	at org.junit.runners.ParentRunner.access$000(ParentRunner.java:58)
	at org.junit.runners.ParentRunner$2.evaluate(ParentRunner.java:268)
	at org.springframework.test.context.junit4.statements.RunBeforeTestClassCallbacks.evaluate(RunBeforeTestClassCallbacks.java:61)
	at org.springframework.test.context.junit4.statements.RunAfterTestClassCallbacks.evaluate(RunAfterTestClassCallbacks.java:70)
	at org.junit.runners.ParentRunner.run(ParentRunner.java:363)
	at org.springframework.test.context.junit4.SpringJUnit4ClassRunner.run(SpringJUnit4ClassRunner.java:190)
	at org.junit.runners.Suite.runChild(Suite.java:128)
	at org.junit.runners.Suite.runChild(Suite.java:27)
	at org.junit.runners.ParentRunner$3.run(ParentRunner.java:290)
	at org.junit.runners.ParentRunner$1.schedule(ParentRunner.java:71)
	at org.junit.runners.ParentRunner.runChildren(ParentRunner.java:288)
	at org.junit.runners.ParentRunner.access$000(ParentRunner.java:58)
	at org.junit.runners.ParentRunner$2.evaluate(ParentRunner.java:268)
	at org.junit.runners.ParentRunner.run(ParentRunner.java:363)
	at org.junit.runner.JUnitCore.run(JUnitCore.java:137)
	at org.junit.runner.JUnitCore.run(JUnitCore.java:115)
	at org.apache.maven.surefire.junitcore.JUnitCoreWrapper.createRequestAndRun(JUnitCoreWrapper.java:108)
	at org.apache.maven.surefire.junitcore.JUnitCoreWrapper.executeEager(JUnitCoreWrapper.java:78)
	at org.apache.maven.surefire.junitcore.JUnitCoreWrapper.execute(JUnitCoreWrapper.java:54)
	at org.apache.maven.surefire.junitcore.JUnitCoreProvider.invoke(JUnitCoreProvider.java:144)
	at org.apache.maven.surefire.booter.ForkedBooter.invokeProviderInSameClassLoader(ForkedBooter.java:203)
	at org.apache.maven.surefire.booter.ForkedBooter.runSuitesInProcess(ForkedBooter.java:155)
	at org.apache.maven.surefire.booter.ForkedBooter.main(ForkedBooter.java:103)

cleanTables(JustWork.server.login.LoginTest)  Time elapsed: 0.001 sec  <<< ERROR!
java.lang.IllegalStateException: Illegal access: this web application instance has been stopped already. Could not load [db/migration/V1__create_init_tables.sql]. The following stack trace is thrown for debugging purposes as well as to attempt to terminate the thread which caused the illegal access.
	at org.apache.catalina.loader.WebappClassLoaderBase.checkStateForResourceLoading(WebappClassLoaderBase.java:1432)
	at org.apache.catalina.loader.WebappClassLoaderBase.getResource(WebappClassLoaderBase.java:1057)
	at org.flywaydb.core.internal.resource.classpath.ClassPathResource.getUrl(ClassPathResource.java:85)
	at org.flywaydb.core.internal.resource.classpath.ClassPathResource.getAbsolutePathOnDisk(ClassPathResource.java:74)
	at org.flywaydb.core.internal.sqlscript.FlywaySqlScriptException.getMessage(FlywaySqlScriptException.java:81)
	at org.apache.maven.surefire.report.SmartStackTraceParser.toString(SmartStackTraceParser.java:311)
	at org.apache.maven.surefire.report.SmartStackTraceParser.causeToString(SmartStackTraceParser.java:300)
	at org.apache.maven.surefire.report.SmartStackTraceParser.innerMostWithFocusOnClass(SmartStackTraceParser.java:248)
	at org.apache.maven.surefire.common.junit4.JUnit4StackTraceWriter.writeTrimmedTraceToString(JUnit4StackTraceWriter.java:97)
	at org.apache.maven.surefire.booter.ForkingRunListener.encode(ForkingRunListener.java:330)
	at org.apache.maven.surefire.booter.ForkingRunListener.encode(ForkingRunListener.java:312)
	at org.apache.maven.surefire.booter.ForkingRunListener.toString(ForkingRunListener.java:258)
	at org.apache.maven.surefire.booter.ForkingRunListener.testError(ForkingRunListener.java:132)
	at org.apache.maven.surefire.common.junit4.JUnit4RunListener.testFailure(JUnit4RunListener.java:118)
	at org.apache.maven.surefire.junitcore.NonConcurrentRunListener.testFailure(NonConcurrentRunListener.java:132)
	at org.junit.runner.notification.SynchronizedRunListener.testFailure(SynchronizedRunListener.java:63)
	at org.junit.runner.notification.RunNotifier$4.notifyListener(RunNotifier.java:142)
	at org.junit.runner.notification.RunNotifier$SafeNotifier.run(RunNotifier.java:72)
	at org.junit.runner.notification.RunNotifier.fireTestFailures(RunNotifier.java:138)
	at org.junit.runner.notification.RunNotifier.fireTestFailure(RunNotifier.java:132)
	at org.junit.internal.runners.model.EachTestNotifier.addFailure(EachTestNotifier.java:23)
	at org.junit.runners.ParentRunner.runLeaf(ParentRunner.java:329)
	at org.springframework.test.context.junit4.SpringJUnit4ClassRunner.runChild(SpringJUnit4ClassRunner.java:251)
	at org.springframework.test.context.junit4.SpringJUnit4ClassRunner.runChild(SpringJUnit4ClassRunner.java:97)
	at org.junit.runners.ParentRunner$3.run(ParentRunner.java:290)
	at org.junit.runners.ParentRunner$1.schedule(ParentRunner.java:71)
	at org.junit.runners.ParentRunner.runChildren(ParentRunner.java:288)
	at org.junit.runners.ParentRunner.access$000(ParentRunner.java:58)
	at org.junit.runners.ParentRunner$2.evaluate(ParentRunner.java:268)
	at org.springframework.test.context.junit4.statements.RunBeforeTestClassCallbacks.evaluate(RunBeforeTestClassCallbacks.java:61)
	at org.springframework.test.context.junit4.statements.RunAfterTestClassCallbacks.evaluate(RunAfterTestClassCallbacks.java:70)
	at org.junit.runners.ParentRunner.run(ParentRunner.java:363)
	at org.springframework.test.context.junit4.SpringJUnit4ClassRunner.run(SpringJUnit4ClassRunner.java:190)
	at org.junit.runners.Suite.runChild(Suite.java:128)
	at org.junit.runners.Suite.runChild(Suite.java:27)
	at org.junit.runners.ParentRunner$3.run(ParentRunner.java:290)
	at org.junit.runners.ParentRunner$1.schedule(ParentRunner.java:71)
	at org.junit.runners.ParentRunner.runChildren(ParentRunner.java:288)
	at org.junit.runners.ParentRunner.access$000(ParentRunner.java:58)
	at org.junit.runners.ParentRunner$2.evaluate(ParentRunner.java:268)
	at org.junit.runners.ParentRunner.run(ParentRunner.java:363)
	at org.junit.runner.JUnitCore.run(JUnitCore.java:137)
	at org.junit.runner.JUnitCore.run(JUnitCore.java:115)
	at org.apache.maven.surefire.junitcore.JUnitCoreWrapper.createRequestAndRun(JUnitCoreWrapper.java:108)
	at org.apache.maven.surefire.junitcore.JUnitCoreWrapper.executeEager(JUnitCoreWrapper.java:78)
	at org.apache.maven.surefire.junitcore.JUnitCoreWrapper.execute(JUnitCoreWrapper.java:54)
	at org.apache.maven.surefire.junitcore.JUnitCoreProvider.invoke(JUnitCoreProvider.java:144)
	at org.apache.maven.surefire.booter.ForkedBooter.invokeProviderInSameClassLoader(ForkedBooter.java:203)
	at org.apache.maven.surefire.booter.ForkedBooter.runSuitesInProcess(ForkedBooter.java:155)
	at org.apache.maven.surefire.booter.ForkedBooter.main(ForkedBooter.java:103)

